<?xml version="1.0" encoding="UTF-8"?>
<!-- Generated by org.testng.reporters.JUnitXMLReporter -->
<testsuite hostname="DESKTOP-AGK6NO1" ignored="0" name="Store Health Check" tests="6" failures="0" timestamp="2020-11-02T15:21:17 IST" time="0.322" errors="0">
  <testcase name="@BeforeSuite startBrowserBeforeSuite" time="37.237" classname="com.flipkart.framework.selenium.BaseWebDriverTest">
    <failure type="org.openqa.selenium.WebDriverException" message="chrome not reachable
  (Session info: chrome=86.0.4240.111)
Build info: version: &amp;apos;4.0.0-alpha-6&amp;apos;, revision: &amp;apos;5f43a29cfc&amp;apos;
System info: host: &amp;apos;DESKTOP-AGK6NO1&amp;apos;, ip: &amp;apos;192.168.43.129&amp;apos;, os.name: &amp;apos;Windows 10&amp;apos;, os.arch: &amp;apos;amd64&amp;apos;, os.version: &amp;apos;10.0&amp;apos;, java.version: &amp;apos;1.8.0_211&amp;apos;
Driver info: org.openqa.selenium.chrome.ChromeDriver
Capabilities {acceptInsecureCerts: false, browserName: chrome, browserVersion: 86.0.4240.111, chrome: {chromedriverVersion: 86.0.4240.22 (398b0743353ff..., userDataDir: C:\Users\DELL\AppData\Local...}, goog:chromeOptions: {debuggerAddress: localhost:50444}, javascriptEnabled: true, networkConnectionEnabled: false, pageLoadStrategy: normal, platform: WINDOWS, platformName: WINDOWS, proxy: Proxy(), setWindowRect: true, strictFileInteractability: false, timeouts: {implicit: 0, pageLoad: 300000, script: 30000}, unhandledPromptBehavior: dismiss and notify, webauthn:virtualAuthenticators: true}
Session ID: 59eb56aa9fca2f575c1c88b9c8be29a8">
      <![CDATA[org.openqa.selenium.WebDriverException: chrome not reachable
  (Session info: chrome=86.0.4240.111)
Build info: version: '4.0.0-alpha-6', revision: '5f43a29cfc'
System info: host: 'DESKTOP-AGK6NO1', ip: '192.168.43.129', os.name: 'Windows 10', os.arch: 'amd64', os.version: '10.0', java.version: '1.8.0_211'
Driver info: org.openqa.selenium.chrome.ChromeDriver
Capabilities {acceptInsecureCerts: false, browserName: chrome, browserVersion: 86.0.4240.111, chrome: {chromedriverVersion: 86.0.4240.22 (398b0743353ff..., userDataDir: C:\Users\DELL\AppData\Local...}, goog:chromeOptions: {debuggerAddress: localhost:50444}, javascriptEnabled: true, networkConnectionEnabled: false, pageLoadStrategy: normal, platform: WINDOWS, platformName: WINDOWS, proxy: Proxy(), setWindowRect: true, strictFileInteractability: false, timeouts: {implicit: 0, pageLoad: 300000, script: 30000}, unhandledPromptBehavior: dismiss and notify, webauthn:virtualAuthenticators: true}
Session ID: 59eb56aa9fca2f575c1c88b9c8be29a8
at org.openqa.selenium.remote.codec.w3c.W3CHttpResponseCodec.createException(W3CHttpResponseCodec.java:196)
at org.openqa.selenium.remote.codec.w3c.W3CHttpResponseCodec.decode(W3CHttpResponseCodec.java:129)
at org.openqa.selenium.remote.codec.w3c.W3CHttpResponseCodec.decode(W3CHttpResponseCodec.java:53)
at org.openqa.selenium.remote.HttpCommandExecutor.execute(HttpCommandExecutor.java:160)
at org.openqa.selenium.remote.service.DriverCommandExecutor.execute(DriverCommandExecutor.java:83)
at org.openqa.selenium.remote.RemoteWebDriver.execute(RemoteWebDriver.java:582)
at org.openqa.selenium.remote.RemoteWebDriver.get(RemoteWebDriver.java:282)
at com.flipkart.framework.selenium.WebDriverAction.openBrowser(WebDriverAction.java:42)
at com.flipkart.framework.browser.BrowserAction.openBrowser(BrowserAction.java:121)
at com.flipkart.framework.selenium.BaseWebDriverTest.startBrowserBeforeSuite(BaseWebDriverTest.java:48)
... Removed 23 stack frames]]>
    </failure>
  </testcase> <!-- @BeforeSuite startBrowserBeforeSuite -->
  <testcase name="clickLoginModalCrossButtonTest" time="0.0" classname="com.flipkart.testing.tests.FlipkartScenario1Test">
    <skipped/>
  </testcase> <!-- clickLoginModalCrossButtonTest -->
  <testcase name="hoverOnElectronicsLinkTest" time="0.0" classname="com.flipkart.testing.tests.FlipkartScenario1Test">
    <skipped/>
  </testcase> <!-- hoverOnElectronicsLinkTest -->
  <testcase name="clickMobilePhoneBrandTest" time="0.0" classname="com.flipkart.testing.tests.FlipkartScenario1Test">
    <skipped/>
  </testcase> <!-- clickMobilePhoneBrandTest -->
  <testcase name="waitForPageToBeLoadedTest" time="0.0" classname="com.flipkart.testing.tests.FlipkartScenario1Test">
    <skipped/>
  </testcase> <!-- waitForPageToBeLoadedTest -->
  <testcase name="clickSortByLowToHighTest" time="0.0" classname="com.flipkart.testing.tests.FlipkartScenario1Test">
    <skipped/>
  </testcase> <!-- clickSortByLowToHighTest -->
  <testcase name="verifySortLowToHighOfNProducts" time="0.0" classname="com.flipkart.testing.tests.FlipkartScenario1Test">
    <skipped/>
  </testcase> <!-- verifySortLowToHighOfNProducts -->
</testsuite> <!-- Store Health Check -->
