<!DOCTYPE html PUBLIC "-//W3C//DTD XHTML 1.1//EN" "http://www.w3.org/TR/xhtml11/DTD/xhtml11.dtd">
<html xmlns="http://www.w3.org/1999/xhtml">
<head>
<meta http-equiv="content-type" content="text/html; charset=UTF-8"/>
<title>TestNG Report</title>
<style type="text/css">table {margin-bottom:10px;border-collapse:collapse;empty-cells:show}th,td {border:1px solid #009;padding:.25em .5em}th {vertical-align:bottom}td {vertical-align:top}table a {font-weight:bold}.stripe td {background-color: #E6EBF9}.num {text-align:right}.passedodd td {background-color: #3F3}.passedeven td {background-color: #0A0}.skippedodd td {background-color: #DDD}.skippedeven td {background-color: #CCC}.failedodd td,.attn {background-color: #F33}.failedeven td,.stripe .attn {background-color: #D00}.stacktrace {white-space:pre;font-family:monospace}.totop {font-size:85%;text-align:center;border-bottom:2px solid #000}.invisible {display:none}</style>
</head>
<body>
<table>
<tr><th>Test</th><th># Passed</th><th># Skipped</th><th># Retried</th><th># Failed</th><th>Time (ms)</th><th>Included Groups</th><th>Excluded Groups</th></tr>
<tr><th colspan="7">Health Check of Store for buying all packages together</th></tr>
<tr><td><a href="#t0">Store Health Check</a></td><td class="num">0</td><td class="num attn">6</td><td class="num">0</td><td class="num">0</td><td class="num">322</td><td></td><td></td></tr>
</table>
<table id='summary'><thead><tr><th>Class</th><th>Method</th><th>Start</th><th>Time (ms)</th></tr></thead><tbody><tr><th colspan="4">Health Check of Store for buying all packages together</th></tr></tbody><tbody id="t0"><tr><th colspan="4">Store Health Check &#8212; failed (configuration methods)</th></tr><tr class="failedeven"><td rowspan="1">com.flipkart.framework.selenium.BaseWebDriverTest</td><td><a href="#m0">startBrowserBeforeSuite</a></td><td rowspan="1">1604310640065</td><td rowspan="1">37237</td></tr><tr><th colspan="4">Store Health Check &#8212; skipped (configuration methods)</th></tr><tr class="skippedeven"><td rowspan="1">com.flipkart.framework.selenium.BaseWebDriverTest</td><td><a href="#m1">closeBrowserAfterSuite</a></td><td rowspan="1">1604310678201</td><td rowspan="1">-1604310678201</td></tr><tr><th colspan="4">Store Health Check &#8212; skipped</th></tr><tr class="skippedeven"><td rowspan="6">com.flipkart.testing.tests.FlipkartScenario1Test</td><td><a href="#m2">clickLoginModalCrossButtonTest</a></td><td rowspan="1">1604310677442</td><td rowspan="1">0</td></tr><tr class="skippedeven"><td><a href="#m3">clickMobilePhoneBrandTest</a></td><td rowspan="1">1604310677636</td><td rowspan="1">0</td></tr><tr class="skippedeven"><td><a href="#m4">clickSortByLowToHighTest</a></td><td rowspan="1">1604310677646</td><td rowspan="1">0</td></tr><tr class="skippedeven"><td><a href="#m5">hoverOnElectronicsLinkTest</a></td><td rowspan="1">1604310677628</td><td rowspan="1">0</td></tr><tr class="skippedeven"><td><a href="#m6">verifySortLowToHighOfNProducts</a></td><td rowspan="1">1604310677650</td><td rowspan="1">0</td></tr><tr class="skippedeven"><td><a href="#m7">waitForPageToBeLoadedTest</a></td><td rowspan="1">1604310677641</td><td rowspan="1">0</td></tr></tbody>
</table>
<h2>Store Health Check</h2><h3 id="m0">com.flipkart.framework.selenium.BaseWebDriverTest#startBrowserBeforeSuite</h3><table class="result"><tr class="param"><th>Parameter #1</th><th>Parameter #2</th><th>Parameter #3</th><th>Parameter #4</th><th>Parameter #5</th></tr><tr class="param stripe"><td>chrome</td><td>5</td><td>15</td><td>10</td><td>https://www.flipkart.com/</td></tr><tr><th colspan="5">Exception</th></tr><tr><td colspan="5"><div class="stacktrace">org.openqa.selenium.WebDriverException: chrome not reachable
  (Session info: chrome=86.0.4240.111)
Build info: version: &apos;4.0.0-alpha-6&apos;, revision: &apos;5f43a29cfc&apos;
System info: host: &apos;DESKTOP-AGK6NO1&apos;, ip: &apos;192.168.43.129&apos;, os.name: &apos;Windows 10&apos;, os.arch: &apos;amd64&apos;, os.version: &apos;10.0&apos;, java.version: &apos;1.8.0_211&apos;
Driver info: org.openqa.selenium.chrome.ChromeDriver
Capabilities {acceptInsecureCerts: false, browserName: chrome, browserVersion: 86.0.4240.111, chrome: {chromedriverVersion: 86.0.4240.22 (398b0743353ff..., userDataDir: C:\Users\DELL\AppData\Local...}, goog:chromeOptions: {debuggerAddress: localhost:50444}, javascriptEnabled: true, networkConnectionEnabled: false, pageLoadStrategy: normal, platform: WINDOWS, platformName: WINDOWS, proxy: Proxy(), setWindowRect: true, strictFileInteractability: false, timeouts: {implicit: 0, pageLoad: 300000, script: 30000}, unhandledPromptBehavior: dismiss and notify, webauthn:virtualAuthenticators: true}
Session ID: 59eb56aa9fca2f575c1c88b9c8be29a8
	at org.openqa.selenium.remote.codec.w3c.W3CHttpResponseCodec.createException(W3CHttpResponseCodec.java:196)
	at org.openqa.selenium.remote.codec.w3c.W3CHttpResponseCodec.decode(W3CHttpResponseCodec.java:129)
	at org.openqa.selenium.remote.codec.w3c.W3CHttpResponseCodec.decode(W3CHttpResponseCodec.java:53)
	at org.openqa.selenium.remote.HttpCommandExecutor.execute(HttpCommandExecutor.java:160)
	at org.openqa.selenium.remote.service.DriverCommandExecutor.execute(DriverCommandExecutor.java:83)
	at org.openqa.selenium.remote.RemoteWebDriver.execute(RemoteWebDriver.java:582)
	at org.openqa.selenium.remote.RemoteWebDriver.get(RemoteWebDriver.java:282)
	at com.flipkart.framework.selenium.WebDriverAction.openBrowser(WebDriverAction.java:42)
	at com.flipkart.framework.browser.BrowserAction.openBrowser(BrowserAction.java:121)
	at com.flipkart.framework.selenium.BaseWebDriverTest.startBrowserBeforeSuite(BaseWebDriverTest.java:48)
... Removed 23 stack frames</div></td></tr></table><p class="totop"><a href="#summary">back to summary</a></p>
<h3 id="m1">com.flipkart.framework.selenium.BaseWebDriverTest#closeBrowserAfterSuite</h3><table class="result"><tr><th class="invisible"/></tr></table><p class="totop"><a href="#summary">back to summary</a></p>
<h3 id="m2">com.flipkart.testing.tests.FlipkartScenario1Test#clickLoginModalCrossButtonTest</h3><table class="result"><tr><th>Exception</th></tr><tr><td><div class="stacktrace">org.openqa.selenium.WebDriverException: chrome not reachable
  (Session info: chrome=86.0.4240.111)
Build info: version: &apos;4.0.0-alpha-6&apos;, revision: &apos;5f43a29cfc&apos;
System info: host: &apos;DESKTOP-AGK6NO1&apos;, ip: &apos;192.168.43.129&apos;, os.name: &apos;Windows 10&apos;, os.arch: &apos;amd64&apos;, os.version: &apos;10.0&apos;, java.version: &apos;1.8.0_211&apos;
Driver info: org.openqa.selenium.chrome.ChromeDriver
Capabilities {acceptInsecureCerts: false, browserName: chrome, browserVersion: 86.0.4240.111, chrome: {chromedriverVersion: 86.0.4240.22 (398b0743353ff..., userDataDir: C:\Users\DELL\AppData\Local...}, goog:chromeOptions: {debuggerAddress: localhost:50444}, javascriptEnabled: true, networkConnectionEnabled: false, pageLoadStrategy: normal, platform: WINDOWS, platformName: WINDOWS, proxy: Proxy(), setWindowRect: true, strictFileInteractability: false, timeouts: {implicit: 0, pageLoad: 300000, script: 30000}, unhandledPromptBehavior: dismiss and notify, webauthn:virtualAuthenticators: true}
Session ID: 59eb56aa9fca2f575c1c88b9c8be29a8
	at org.openqa.selenium.remote.codec.w3c.W3CHttpResponseCodec.createException(W3CHttpResponseCodec.java:196)
	at org.openqa.selenium.remote.codec.w3c.W3CHttpResponseCodec.decode(W3CHttpResponseCodec.java:129)
	at org.openqa.selenium.remote.codec.w3c.W3CHttpResponseCodec.decode(W3CHttpResponseCodec.java:53)
	at org.openqa.selenium.remote.HttpCommandExecutor.execute(HttpCommandExecutor.java:160)
	at org.openqa.selenium.remote.service.DriverCommandExecutor.execute(DriverCommandExecutor.java:83)
	at org.openqa.selenium.remote.RemoteWebDriver.execute(RemoteWebDriver.java:582)
	at org.openqa.selenium.remote.RemoteWebDriver.get(RemoteWebDriver.java:282)
	at com.flipkart.framework.selenium.WebDriverAction.openBrowser(WebDriverAction.java:42)
	at com.flipkart.framework.browser.BrowserAction.openBrowser(BrowserAction.java:121)
	at com.flipkart.framework.selenium.BaseWebDriverTest.startBrowserBeforeSuite(BaseWebDriverTest.java:48)
... Removed 23 stack frames</div></td></tr></table><p class="totop"><a href="#summary">back to summary</a></p>
<h3 id="m3">com.flipkart.testing.tests.FlipkartScenario1Test#clickMobilePhoneBrandTest</h3><table class="result"><tr><th>Exception</th></tr><tr><td><div class="stacktrace">java.lang.Throwable: Method FlipkartScenario1Test.clickMobilePhoneBrandTest(java.lang.String)[pri:1, instance:com.flipkart.testing.tests.FlipkartScenario1Test@491cc5c9] depends on not successfully finished methods
	at java.util.ArrayList.forEach(Unknown Source)
... Removed 18 stack frames</div></td></tr></table><p class="totop"><a href="#summary">back to summary</a></p>
<h3 id="m4">com.flipkart.testing.tests.FlipkartScenario1Test#clickSortByLowToHighTest</h3><table class="result"><tr><th>Exception</th></tr><tr><td><div class="stacktrace">java.lang.Throwable: Method FlipkartScenario1Test.clickSortByLowToHighTest()[pri:1, instance:com.flipkart.testing.tests.FlipkartScenario1Test@491cc5c9] depends on not successfully finished methods
	at java.util.ArrayList.forEach(Unknown Source)
... Removed 18 stack frames</div></td></tr></table><p class="totop"><a href="#summary">back to summary</a></p>
<h3 id="m5">com.flipkart.testing.tests.FlipkartScenario1Test#hoverOnElectronicsLinkTest</h3><table class="result"><tr><th>Exception</th></tr><tr><td><div class="stacktrace">java.lang.Throwable: Method FlipkartScenario1Test.hoverOnElectronicsLinkTest()[pri:1, instance:com.flipkart.testing.tests.FlipkartScenario1Test@491cc5c9] depends on not successfully finished methods
	at java.util.ArrayList.forEach(Unknown Source)
... Removed 18 stack frames</div></td></tr></table><p class="totop"><a href="#summary">back to summary</a></p>
<h3 id="m6">com.flipkart.testing.tests.FlipkartScenario1Test#verifySortLowToHighOfNProducts</h3><table class="result"><tr><th>Exception</th></tr><tr><td><div class="stacktrace">java.lang.Throwable: Method FlipkartScenario1Test.verifySortLowToHighOfNProducts()[pri:1, instance:com.flipkart.testing.tests.FlipkartScenario1Test@491cc5c9] depends on not successfully finished methods
	at java.util.ArrayList.forEach(Unknown Source)
... Removed 18 stack frames</div></td></tr></table><p class="totop"><a href="#summary">back to summary</a></p>
<h3 id="m7">com.flipkart.testing.tests.FlipkartScenario1Test#waitForPageToBeLoadedTest</h3><table class="result"><tr><th>Exception</th></tr><tr><td><div class="stacktrace">java.lang.Throwable: Method FlipkartScenario1Test.waitForPageToBeLoadedTest()[pri:1, instance:com.flipkart.testing.tests.FlipkartScenario1Test@491cc5c9] depends on not successfully finished methods
	at java.util.ArrayList.forEach(Unknown Source)
... Removed 18 stack frames</div></td></tr></table><p class="totop"><a href="#summary">back to summary</a></p>
</body>
</html>
